2012-11-22 11:20:13,246 This is a line: # Documentation values file | x | y
2012-11-22 11:20:13,263 This is a line: # Format is: for each URL, the microtext for the left column, then the main page copy blocks in order of appearance. | x | y
2012-11-22 11:20:13,276 This is a line: # "Site URL" | copycopter-code | "microtext"
2012-11-22 11:20:13,286 This is a line: # "Site URL" | copycopter-code | "main page text N"
2012-11-22 11:20:13,308 This is a line: /sessions/new | login.help | <p>Sign in with your username and password.<br/>New to Ninefold? <a href="/registrations/new">Sign up here</a>.</p>
2012-11-22 11:20:13,355 This is a line: /dashboard | ninefold.dashboard.dashboard_help | <p>Welcome to Ninefold!<br/>See a summary of all your servers and apps here.<br/><ul><li>A server is one virtual machine, on which you install whatever software you like.<li>An app is a complex deployment with multiple servers, built from a source code repository. <br><a href="https://ninefold.com/support/display/Octane/Dashboard+Screen" target="new">Read more</a></br></p>
2012-11-22 11:20:13,368 This is a line: /dashboard | ninefold.dashboard.dashboard_header | Dashboard
2012-11-22 11:20:13,388 This is a line: /dashboard | dashboard.intro.blank_slate | <p>To get started, click an option below. Deploying can take as little as five minutes.</p>
2012-11-22 11:20:13,398 This is a line: /dashboard | dashboard.setup.app | Deploy an App
2012-11-22 11:20:13,411 This is a line: /dashboard | dashboard.setup.server | Set up a Server
2012-11-22 11:20:13,453 This is a line: /servers | servers.index.help | <p>Click to edit and adjust your servers. Servers are single virtual machines on which you can install anything you like. External IP addresses are shown on the left, and internal IP addresses are shown on the right of each server icon.<br/><a href="https://ninefold.com/support/display/Octane/Server+List+Screen" target="new">Read more</a></p>
2012-11-22 11:20:13,464 This is a line: /servers | servers.index.title | All of your servers
2012-11-22 11:20:13,559 This is a line: /servers/new#step1 | servers.new.help | <p><ul><li><b>Name your server</b>: Enter a meaningful name for your server that describes its purpose. For example, "Web Server-Online Store".<li><b>Choose the zone for your server</b>: Select the data centre location for your server.<li><b>Select a level of processing power</b>: Make a selection of CPU and RAM on this screen.<li><b>Select your operating system</b>: Choose the OS you need for your applications.<li><b>Select a template</b>: A template is a combination of your chosen OS and some pre-installed applications.<li><b>Select additional disks</b>: If you need more storage than the default, add more.<li><b>Select additional options</b>: Choose password, ports you need open and backup options.<br><a href="https://ninefold.com/support/display/Octane/Deploying+a+Server+on+Ninefold+2.0" target="new">Read more</a></p>
2012-11-22 11:20:13,573 This is a line: /servers/new#step2 | servers.set_zone.heading | Choose the zone for your server
2012-11-22 11:20:13,598 This is a line: /servers/new#step2 | servers.set_zone.intro | <p>A zone represents a geographical location, the data centre where the server will be created.</p>
2012-11-22 11:20:13,630 This is a line: /servers/new#step3 | servers.set_service.intro | <p>Server performance is directly related to cost. If you have modest requirements, choose a server at the lower end of the range. Select a more powerful profile if you need higher performance.</p>
2012-11-22 11:20:13,645 This is a line: /servers/new#step4 | servers.set_os.heading | Select your operating system
2012-11-22 11:20:13,677 This is a line: /servers/new#step4 | servers.set_os.intro | <p>Choose an operating system that fits your needs. For example, if you want to run an Apache web server, you might choose CentOS, or another Linux OS. If you need to run a Windows application, choose Windows.</p>
2012-11-22 11:20:13,691 This is a line: /servers/new#step5 | servers.set_template.heading | Select a template
2012-11-22 11:20:13,714 This is a line: /servers/new#step5 | servers.set_template.intro | <p>Templates are a ready-made server image that have an operating system and some applications already installed.</p>
2012-11-22 11:20:13,729 This is a line: /servers/new#step6 | servers.set_storage.heading | Select additional disks (if required)
2012-11-22 11:20:13,752 This is a line: /servers/new#step6 | servers.set_storage.intro | <p>Your server will have a primary disk provided by default. If you need more storage, you can add additional disk(s) here.</p>
2012-11-22 11:20:13,766 This is a line: /servers/new#step7 | ??? | ??? This is the "Select additional options" summary page.(needs microtext anchors)
2012-11-22 11:20:13,795 This is a line: /servers/SERVERNAME | server.show.help | <p>Check and adjust your server's configuration here. <a href="https://ninefold.com/support/display/Octane/Server+Overview+Screen" target="new">Read more</a></p>
2012-11-22 11:20:13,805 This is a line: /servers/SERVERNAME/networks | x | y
2012-11-22 11:20:13,812 This is a line: /servers/SERVERNAME/volumes | x | y
2012-11-22 11:20:13,819 This is a line: /servers/SERVERNAME/backups | x | y
2012-11-22 11:20:13,835 This is a line: /servers/SERVERNAME/options | servers.options.password.intro | Change your root password here.
2012-11-22 11:20:13,865 This is a line: /apps | apps.index.help | <p>Click to edit and adjust your apps. Apps are deployed from source code in version control, and may provision a number of servers.<br><a href="https://ninefold.com/support/display/Octane/App+List+Screen" target="new">Read more</a></br></p>
2012-11-22 11:20:13,996 This is a line: /apps/new | apps.new.help | <p><ul><li><b>Connect your repository</b>: Find your codebase on the web, which will be used to build this app.<li><b>Choose your development branch</b>: Choose the correct version of your source code to deploy.<li><b>Framework</b>: Choose a version of your framework (Ruby on Rails) and application server.<li><b>Datastores</b>: Choose a database for your app.<li><b>Additional Software</b>: Choose addons for your app, such as Memcache.<li><b>Architecture</b>: Choose whether to separate your app into tiers (one server per function, more performant), or use fewer servers (more cost effective).<li><b>Availability Zones</b>: Choose the geographical location(s) where your app will be created.<li><b>Scale your application</b>: Choose how many servers will support each function of your app. More servers == greater performance.<li><b>Backup</b>: Save the state of your app servers daily, so they can be restored in the event of a problem.<li><b>Confirm (APPNAME)</b>: Check and review your selections before deploying.<br/><a href="https://ninefold.com/support/display/Octane/App+Deployment+Screens" target="new">Read more</a></p>
2012-11-22 11:20:14,007 This is a line: /apps/new | apps.new.title | Deploy a new application
2012-11-22 11:20:14,022 This is a line: /apps/new | apps.set_repository.heading | Connect your repository
2012-11-22 11:20:14,042 This is a line: /apps/new | apps.set_repository.intro | We can pull your code directly from GitHub or from any valid Git URL.
2012-11-22 11:20:14,072 This is a line: /account/profile | account.show.help | <p>View your account details here. Also manage your resources and see your API keys. <a href="https://ninefold.com/support/display/Octane/Account+Screens" target="new">Read more</a></p>
2012-11-22 11:20:14,084 This is a line: /account/profile | your_account | Your account
2012-11-22 11:20:14,095 This is a line: /account/resources | account.resources.isos | ISOs
2012-11-22 11:20:14,108 This is a line: /account/resources | account.resources.isos.empty | You have no ISOs.
2012-11-22 11:20:14,121 This is a line: /account/resources | account.resources.templates | Templates
2012-11-22 11:20:14,135 This is a line: /account/resources | account.resources.templates.empty | You have no templates.
2012-11-22 11:20:14,148 This is a line: /account/api | api.heading | Your API Keys
2012-11-22 11:20:14,165 This is a line: /account/api | api.intro | <p>Your API Keys should be stored in a safe place and frequently rotated for security reasons.</p>
2012-11-22 11:20:14,194 This is a line: /network | network.index | <p>Control your network settings, manage IP configuration, DNS and load balancers here. <a href="https://ninefold.com/support/display/Octane/Network+Screen" target="new">Read more</a></p>
2012-11-22 11:20:14,207 This is a line: /events | notifications.help | <p>See a list of all system events here.</p>
2012-11-22 11:20:14,220 This is a line: /events | notifications.title | Notifications
2012-11-22 11:20:14,244 This is a line: /tickets | tickets.index.help | <p>Create and view your tickets with Ninefold Support here. <a href="https://ninefold.com/support/display/Octane/Support+and+FAQs" target="new">Read more</a></p>
2012-11-22 11:20:14,269 This is a line: /tickets | tickets.new.help | <p>Create and view your tickets with Ninefold Support here. <a href="https://ninefold.com/support/display/Octane/Support+and+FAQs" target="new">Read more</a></p>
2012-11-22 11:20:14,293 This is a line: /registrations/new | registrations.help_step1 | <p>Please fill in your details. If you have any questions, why not <a href="http://ninefold.com/">Live Chat</a> with our Support team?</p>
2012-11-22 11:20:14,312 This is a line: /registrations/new | registrations.intro_step1 | <p>Enter your contact details to get started! This should only take a few minutes.</p>
2012-11-22 11:20:14,332 This is a line: /registrations/new | registrations.account_name_help | <p>This is the entity that your tax invoice will be made out to.</p>
2012-11-22 11:20:14,361 This is a line: /registrations/new#billing-details | registrations.help_step2 | <p>Please enter your payment details. If you have any questions, why not chat with our <a href="http://ninefold.com/">Sales Team</a>?</p>
2012-11-22 11:20:14,377 This is a line: /registrations/new#billing-details | registrations.intro_step2 | <p>Please enter your credit card details.</p>
2012-11-22 11:20:14,433 This is a line: /registrations/new#thankyou? | registrations.thankyou | <p>Congratulations on setting up your Ninefold account.<br/><br/>You have been sent an email with a special link; open the email and click that link to activate your account. <br/><br/>Following that, <a href="/sessions/new">log in</a> to your account and let's get started!<br/><br/> Jump into our <a href="https://ninefold.com/support/display/Octane/Deploying+a+Server+on+Ninefold+2.0" target="new">Getting Started Guides</a> if you need some help.</p>
2012-11-22 11:20:14,453 This is a line: /account/api | api.intro | <p>Your API Keys should be stored in a safe place. You can regenerate them if required.</p>
